signal time=1776775311.305176 sender=org.freedesktop.DBus -> destination=:1.10 serial=2 path=/org/freedesktop/DBus; interface=org.freedesktop.DBus; member=NameAcquired
   string ":1.10"
signal time=1776775311.305219 sender=org.freedesktop.DBus -> destination=:1.10 serial=4 path=/org/freedesktop/DBus; interface=org.freedesktop.DBus; member=NameLost
   string ":1.10"
method call time=1776775318.021528 sender=:1.11 -> destination=org.freedesktop.DBus serial=1 path=/org/freedesktop/DBus; interface=org.freedesktop.DBus; member=Hello
method return time=1776775318.021543 sender=org.freedesktop.DBus -> destination=:1.11 serial=1 reply_serial=1
   string ":1.11"
signal time=1776775318.021550 sender=org.freedesktop.DBus -> destination=(null destination) serial=5 path=/org/freedesktop/DBus; interface=org.freedesktop.DBus; member=NameOwnerChanged
   string ":1.11"
   string ""
   string ":1.11"
signal time=1776775318.021558 sender=org.freedesktop.DBus -> destination=:1.11 serial=2 path=/org/freedesktop/DBus; interface=org.freedesktop.DBus; member=NameAcquired
   string ":1.11"
signal time=1776775318.023033 sender=:1.11 -> destination=(null destination) serial=2 path=/com/custom/logger; interface=org.freedesktop.DBus.ObjectManager; member=InterfacesAdded
   object path "/com/custom/logger"
   array [
      dict entry(
         string "com.custom.logger"
         array [
         ]
      )
   ]
method call time=1776775318.023107 sender=:1.11 -> destination=org.freedesktop.DBus serial=3 path=/org/freedesktop/DBus; interface=org.freedesktop.DBus; member=RequestName
   string "com.custom.logger"
   uint32 0
signal time=1776775318.023112 sender=org.freedesktop.DBus -> destination=(null destination) serial=6 path=/org/freedesktop/DBus; interface=org.freedesktop.DBus; member=NameOwnerChanged
   string "com.custom.logger"
   string ""
   string ":1.11"
signal time=1776775318.023118 sender=org.freedesktop.DBus -> destination=:1.11 serial=3 path=/org/freedesktop/DBus; interface=org.freedesktop.DBus; member=NameAcquired
   string "com.custom.logger"
method return time=1776775318.023121 sender=org.freedesktop.DBus -> destination=:1.11 serial=4 reply_serial=3
   uint32 1
method call time=1776775324.587750 sender=:1.12 -> destination=org.freedesktop.DBus serial=1 path=/org/freedesktop/DBus; interface=org.freedesktop.DBus; member=Hello
method return time=1776775324.587772 sender=org.freedesktop.DBus -> destination=:1.12 serial=1 reply_serial=1
   string ":1.12"
signal time=1776775324.587776 sender=org.freedesktop.DBus -> destination=(null destination) serial=7 path=/org/freedesktop/DBus; interface=org.freedesktop.DBus; member=NameOwnerChanged
   string ":1.12"
   string ""
   string ":1.12"
signal time=1776775324.587809 sender=org.freedesktop.DBus -> destination=:1.12 serial=2 path=/org/freedesktop/DBus; interface=org.freedesktop.DBus; member=NameAcquired
   string ":1.12"
signal time=1776775324.589535 sender=:1.12 -> destination=(null destination) serial=2 path=/com/custom/logger; interface=org.freedesktop.DBus.ObjectManager; member=InterfacesAdded
   object path "/com/custom/logger"
   array [
      dict entry(
         string "com.custom.logger"
         array [
         ]
      )
   ]
method call time=1776775324.589635 sender=:1.12 -> destination=org.freedesktop.DBus serial=3 path=/org/freedesktop/DBus; interface=org.freedesktop.DBus; member=RequestName
   string "com.custom.logger"
   uint32 0
method return time=1776775324.589660 sender=org.freedesktop.DBus -> destination=:1.12 serial=3 reply_serial=3
   uint32 2
method call time=1776775337.045270 sender=:1.13 -> destination=org.freedesktop.DBus serial=1 path=/org/freedesktop/DBus; interface=org.freedesktop.DBus; member=Hello
method return time=1776775337.045313 sender=org.freedesktop.DBus -> destination=:1.13 serial=1 reply_serial=1
   string ":1.13"
signal time=1776775337.045318 sender=org.freedesktop.DBus -> destination=(null destination) serial=8 path=/org/freedesktop/DBus; interface=org.freedesktop.DBus; member=NameOwnerChanged
   string ":1.13"
   string ""
   string ":1.13"
signal time=1776775337.045322 sender=org.freedesktop.DBus -> destination=:1.13 serial=2 path=/org/freedesktop/DBus; interface=org.freedesktop.DBus; member=NameAcquired
   string ":1.13"
method call time=1776775337.046871 sender=:1.13 -> destination=com.custom.logger serial=2 path=/com/custom/logger; interface=com.custom.logger; member=vSendMessage
   int32 0
   string "hello-0"
   boolean true
method return time=1776775337.048210 sender=:1.11 -> destination=:1.13 serial=4 reply_serial=2
method call time=1776775339.054753 sender=:1.13 -> destination=com.custom.logger serial=3 path=/com/custom/logger; interface=com.custom.logger; member=vSendMessage
   int32 1
   string "hello-1"
   boolean true
method return time=1776775339.055706 sender=:1.11 -> destination=:1.13 serial=5 reply_serial=3
method call time=1776775341.058480 sender=:1.13 -> destination=com.custom.logger serial=4 path=/com/custom/logger; interface=com.custom.logger; member=vSendMessage
   int32 2
   string "hello-2"
   boolean true
method return time=1776775341.059421 sender=:1.11 -> destination=:1.13 serial=6 reply_serial=4
method call time=1776775343.064031 sender=:1.13 -> destination=com.custom.logger serial=5 path=/com/custom/logger; interface=com.custom.logger; member=vSendMessage
   int32 3
   string "hello-3"
   boolean true
method return time=1776775343.064930 sender=:1.11 -> destination=:1.13 serial=7 reply_serial=5
method call time=1776775345.070529 sender=:1.13 -> destination=com.custom.logger serial=6 path=/com/custom/logger; interface=com.custom.logger; member=vSendMessage
   int32 4
   string "hello-4"
   boolean true
method return time=1776775345.071166 sender=:1.11 -> destination=:1.13 serial=8 reply_serial=6
method call time=1776775347.079210 sender=:1.13 -> destination=com.custom.logger serial=7 path=/com/custom/logger; interface=com.custom.logger; member=vSendMessage
   int32 5
   string "hello-5"
   boolean true
method return time=1776775347.080082 sender=:1.11 -> destination=:1.13 serial=9 reply_serial=7
signal time=1776775347.428609 sender=org.freedesktop.DBus -> destination=:1.11 serial=5 path=/org/freedesktop/DBus; interface=org.freedesktop.DBus; member=NameLost
   string "com.custom.logger"
signal time=1776775347.428653 sender=org.freedesktop.DBus -> destination=(null destination) serial=9 path=/org/freedesktop/DBus; interface=org.freedesktop.DBus; member=NameOwnerChanged
   string "com.custom.logger"
   string ":1.11"
   string ":1.12"
signal time=1776775347.428659 sender=org.freedesktop.DBus -> destination=:1.12 serial=4 path=/org/freedesktop/DBus; interface=org.freedesktop.DBus; member=NameAcquired
   string "com.custom.logger"
signal time=1776775347.428664 sender=org.freedesktop.DBus -> destination=:1.11 serial=6 path=/org/freedesktop/DBus; interface=org.freedesktop.DBus; member=NameLost
   string ":1.11"
signal time=1776775347.428667 sender=org.freedesktop.DBus -> destination=(null destination) serial=10 path=/org/freedesktop/DBus; interface=org.freedesktop.DBus; member=NameOwnerChanged
   string ":1.11"
   string ":1.11"
   string ""
method call time=1776775349.083305 sender=:1.13 -> destination=com.custom.logger serial=8 path=/com/custom/logger; interface=com.custom.logger; member=vSendMessage
   int32 6
   string "hello-6"
   boolean true
method return time=1776775349.084265 sender=:1.12 -> destination=:1.13 serial=4 reply_serial=8
method call time=1776775351.087564 sender=:1.13 -> destination=com.custom.logger serial=9 path=/com/custom/logger; interface=com.custom.logger; member=vSendMessage
   int32 7
   string "hello-7"
   boolean true
method return time=1776775351.088961 sender=:1.12 -> destination=:1.13 serial=5 reply_serial=9
method call time=1776775353.092714 sender=:1.13 -> destination=com.custom.logger serial=10 path=/com/custom/logger; interface=com.custom.logger; member=vSendMessage
   int32 8
   string "hello-8"
   boolean true
method return time=1776775353.093670 sender=:1.12 -> destination=:1.13 serial=6 reply_serial=10
method call time=1776775355.097236 sender=:1.13 -> destination=com.custom.logger serial=11 path=/com/custom/logger; interface=com.custom.logger; member=vSendMessage
   int32 9
   string "hello-9"
   boolean true
method return time=1776775355.098425 sender=:1.12 -> destination=:1.13 serial=7 reply_serial=11
method call time=1776775357.106006 sender=:1.13 -> destination=com.custom.logger serial=12 path=/com/custom/logger; interface=com.custom.logger; member=vSendMessage
   int32 10
   string "hello-10"
   boolean true
method return time=1776775357.106833 sender=:1.12 -> destination=:1.13 serial=8 reply_serial=12
